c:\users\krota\desktop\mariobrosclone\mariobrosclone\release\vc142.pdb
c:\users\krota\desktop\mariobrosclone\mariobrosclone\release\soundmanager.obj
c:\users\krota\desktop\mariobrosclone\mariobrosclone\release\screenshake.obj
c:\users\krota\desktop\mariobrosclone\mariobrosclone\release\powblock.obj
c:\users\krota\desktop\mariobrosclone\mariobrosclone\release\gamescreenwon.obj
c:\users\krota\desktop\mariobrosclone\mariobrosclone\release\gamescreenmanager.obj
c:\users\krota\desktop\mariobrosclone\mariobrosclone\release\gamescreenlevel2.obj
c:\users\krota\desktop\mariobrosclone\mariobrosclone\release\gamescreenintro.obj
c:\users\krota\desktop\mariobrosclone\mariobrosclone\release\gamescreen.obj
c:\users\krota\desktop\mariobrosclone\mariobrosclone\release\gamesceenlevel1.obj
c:\users\krota\desktop\mariobrosclone\mariobrosclone\release\gamemanager.obj
c:\users\krota\desktop\mariobrosclone\mariobrosclone\release\flag.obj
c:\users\krota\desktop\mariobrosclone\mariobrosclone\release\collisions.obj
c:\users\krota\desktop\mariobrosclone\mariobrosclone\release\coin.obj
c:\users\krota\desktop\mariobrosclone\mariobrosclone\release\charactermario.obj
c:\users\krota\desktop\mariobrosclone\mariobrosclone\release\characterluigi.obj
c:\users\krota\desktop\mariobrosclone\mariobrosclone\release\characterkoopa.obj
c:\users\krota\desktop\mariobrosclone\mariobrosclone\release\character.obj
c:\users\krota\desktop\mariobrosclone\mariobrosclone\release\camera.obj
c:\users\krota\desktop\mariobrosclone\mariobrosclone\release\blockquestionmark.obj
c:\users\krota\desktop\mariobrosclone\mariobrosclone\release\block.obj
c:\users\krota\desktop\mariobrosclone\mariobrosclone\release\uitext.obj
c:\users\krota\desktop\mariobrosclone\mariobrosclone\release\tilemap.obj
c:\users\krota\desktop\mariobrosclone\mariobrosclone\release\tile.obj
c:\users\krota\desktop\mariobrosclone\mariobrosclone\release\sprite.obj
c:\users\krota\desktop\mariobrosclone\mariobrosclone\release\source.obj
d:\mariobrosclone\mariobrosclone\release\vc142.pdb
d:\mariobrosclone\mariobrosclone\release\soundmanager.obj
d:\mariobrosclone\mariobrosclone\release\screenshake.obj
d:\mariobrosclone\mariobrosclone\release\powblock.obj
d:\mariobrosclone\mariobrosclone\release\gamescreenwon.obj
d:\mariobrosclone\mariobrosclone\release\gamescreenmanager.obj
d:\mariobrosclone\mariobrosclone\release\gamescreenlevel2.obj
d:\mariobrosclone\mariobrosclone\release\gamescreenintro.obj
d:\mariobrosclone\mariobrosclone\release\gamescreen.obj
d:\mariobrosclone\mariobrosclone\release\gamesceenlevel1.obj
d:\mariobrosclone\mariobrosclone\release\gamemanager.obj
d:\mariobrosclone\mariobrosclone\release\flag.obj
d:\mariobrosclone\mariobrosclone\release\collisions.obj
d:\mariobrosclone\mariobrosclone\release\coin.obj
d:\mariobrosclone\mariobrosclone\release\charactermario.obj
d:\mariobrosclone\mariobrosclone\release\characterluigi.obj
d:\mariobrosclone\mariobrosclone\release\characterkoopa.obj
d:\mariobrosclone\mariobrosclone\release\character.obj
d:\mariobrosclone\mariobrosclone\release\camera.obj
d:\mariobrosclone\mariobrosclone\release\blockquestionmark.obj
d:\mariobrosclone\mariobrosclone\release\block.obj
d:\mariobrosclone\mariobrosclone\release\uitext.obj
d:\mariobrosclone\mariobrosclone\release\tilemap.obj
d:\mariobrosclone\mariobrosclone\release\tile.obj
d:\mariobrosclone\mariobrosclone\release\sprite.obj
d:\mariobrosclone\mariobrosclone\release\source.obj
c:\users\krota\desktop\mariobrosclone\release\mariobrosclone.exe
c:\users\krota\desktop\mariobrosclone\release\mariobrosclone.pdb
c:\users\krota\desktop\mariobrosclone\release\mariobrosclone.ipdb
c:\users\krota\desktop\mariobrosclone\release\mariobrosclone.iobj
d:\mariobrosclone\release\mariobrosclone.pdb
d:\mariobrosclone\release\mariobrosclone.exe
d:\mariobrosclone\mariobrosclone\release\mariobrosclone.tlog\cl.command.1.tlog
d:\mariobrosclone\mariobrosclone\release\mariobrosclone.tlog\cl.read.1.tlog
d:\mariobrosclone\mariobrosclone\release\mariobrosclone.tlog\cl.write.1.tlog
d:\mariobrosclone\mariobrosclone\release\mariobrosclone.tlog\link.command.1.tlog
d:\mariobrosclone\mariobrosclone\release\mariobrosclone.tlog\link.delete.1.tlog
d:\mariobrosclone\mariobrosclone\release\mariobrosclone.tlog\link.read.1.tlog
d:\mariobrosclone\mariobrosclone\release\mariobrosclone.tlog\link.write.1.tlog
d:\mariobrosclone\mariobrosclone\release\mariobrosclone.tlog\mariobrosclone.write.1u.tlog
