c:\users\krota\desktop\mariobrosclone\mariobrosclone\debug\vc142.pdb
c:\users\krota\desktop\mariobrosclone\mariobrosclone\debug\vc142.idb
c:\users\krota\desktop\mariobrosclone\mariobrosclone\debug\source.obj
c:\users\krota\desktop\mariobrosclone\mariobrosclone\debug\soundmanager.obj
c:\users\krota\desktop\mariobrosclone\mariobrosclone\debug\screenshake.obj
c:\users\krota\desktop\mariobrosclone\mariobrosclone\debug\powblock.obj
c:\users\krota\desktop\mariobrosclone\mariobrosclone\debug\gamescreenmanager.obj
c:\users\krota\desktop\mariobrosclone\mariobrosclone\debug\gamescreenlevel2.obj
c:\users\krota\desktop\mariobrosclone\mariobrosclone\debug\gamescreenintro.obj
c:\users\krota\desktop\mariobrosclone\mariobrosclone\debug\gamescreen.obj
c:\users\krota\desktop\mariobrosclone\mariobrosclone\debug\gamesceenlevel1.obj
c:\users\krota\desktop\mariobrosclone\mariobrosclone\debug\gamemanager.obj
c:\users\krota\desktop\mariobrosclone\mariobrosclone\debug\flag.obj
c:\users\krota\desktop\mariobrosclone\mariobrosclone\debug\collisions.obj
c:\users\krota\desktop\mariobrosclone\mariobrosclone\debug\coin.obj
c:\users\krota\desktop\mariobrosclone\mariobrosclone\debug\charactermario.obj
c:\users\krota\desktop\mariobrosclone\mariobrosclone\debug\characterluigi.obj
c:\users\krota\desktop\mariobrosclone\mariobrosclone\debug\characterkoopa.obj
c:\users\krota\desktop\mariobrosclone\mariobrosclone\debug\character.obj
c:\users\krota\desktop\mariobrosclone\mariobrosclone\debug\camera.obj
c:\users\krota\desktop\mariobrosclone\mariobrosclone\debug\blockquestionmark.obj
c:\users\krota\desktop\mariobrosclone\mariobrosclone\debug\block.obj
c:\users\krota\desktop\mariobrosclone\mariobrosclone\debug\uitext.obj
c:\users\krota\desktop\mariobrosclone\mariobrosclone\debug\tilemap.obj
c:\users\krota\desktop\mariobrosclone\mariobrosclone\debug\tile.obj
c:\users\krota\desktop\mariobrosclone\mariobrosclone\debug\sprite.obj
c:\users\krota\desktop\mariobrosclone\debug\mariobrosclone.exe
c:\users\krota\desktop\mariobrosclone\debug\mariobrosclone.ilk
c:\users\krota\desktop\mariobrosclone\debug\mariobrosclone.pdb
c:\users\krota\desktop\mariobrosclone\mariobrosclone\debug\mariobrosclone.tlog\cl.command.1.tlog
c:\users\krota\desktop\mariobrosclone\mariobrosclone\debug\mariobrosclone.tlog\cl.read.1.tlog
c:\users\krota\desktop\mariobrosclone\mariobrosclone\debug\mariobrosclone.tlog\cl.write.1.tlog
c:\users\krota\desktop\mariobrosclone\mariobrosclone\debug\mariobrosclone.tlog\link.command.1.tlog
c:\users\krota\desktop\mariobrosclone\mariobrosclone\debug\mariobrosclone.tlog\link.read.1.tlog
c:\users\krota\desktop\mariobrosclone\mariobrosclone\debug\mariobrosclone.tlog\link.write.1.tlog
