  Character.cpp
C:\Users\krota\Desktop\MarioBrosClone\MarioBrosClone\Character.cpp(23,18): warning C4150: deletion of pointer to incomplete type 'SDL_Renderer'; no destructor called
C:\Users\krota\Desktop\MarioBrosClone\MarioBrosClone\SDL\include\SDL_render.h(122): message : see declaration of 'SDL_Renderer'
C:\Users\krota\Desktop\MarioBrosClone\MarioBrosClone\Character.cpp(111,83): warning C4244: 'argument': conversion from 'int' to 'float', possible loss of data
  CharacterLuigi.cpp
C:\Users\krota\Desktop\MarioBrosClone\MarioBrosClone\Character.cpp(111,60): warning C4244: 'argument': conversion from 'int' to 'float', possible loss of data
C:\Users\krota\Desktop\MarioBrosClone\MarioBrosClone\CharacterLuigi.cpp(12,18): warning C4150: deletion of pointer to incomplete type 'SDL_Renderer'; no destructor called
C:\Users\krota\Desktop\MarioBrosClone\MarioBrosClone\SDL\include\SDL_render.h(122): message : see declaration of 'SDL_Renderer'
C:\Users\krota\Desktop\MarioBrosClone\MarioBrosClone\CharacterLuigi.cpp(15,17): warning C4150: deletion of pointer to incomplete type 'Texture2D'; no destructor called
  CharacterMario.cpp
C:\Users\krota\Desktop\MarioBrosClone\MarioBrosClone\Character.h(7): message : see declaration of 'Texture2D'
C:\Users\krota\Desktop\MarioBrosClone\MarioBrosClone\CharacterMario.cpp(12,18): warning C4150: deletion of pointer to incomplete type 'SDL_Renderer'; no destructor called
C:\Users\krota\Desktop\MarioBrosClone\MarioBrosClone\SDL\include\SDL_render.h(122): message : see declaration of 'SDL_Renderer'
C:\Users\krota\Desktop\MarioBrosClone\MarioBrosClone\CharacterMario.cpp(15,17): warning C4150: deletion of pointer to incomplete type 'Texture2D'; no destructor called
  Collisions.cpp
  GameSceenLevel1.cpp
  GameScreenManager.cpp
  LevelMap.cpp
  Source.cpp
  Generating Code...
C:\Users\krota\Desktop\MarioBrosClone\MarioBrosClone\Character.h(7): message : see declaration of 'Texture2D'
  MarioBrosClone.vcxproj -> C:\Users\krota\Desktop\MarioBrosClone\Debug\MarioBrosClone.exe
